0 info it worked if it ends with ok
1 verbose cli [ 'node',
1 verbose cli   '/usr/local/bin/npm',
1 verbose cli   'install',
1 verbose cli   'connect',
1 verbose cli   'serve-static' ]
2 info using npm@1.4.28
3 info using node@v0.10.33
4 verbose cache add [ 'connect', null ]
5 verbose cache add name=undefined spec="connect" args=["connect",null]
6 verbose parsed url { protocol: null,
6 verbose parsed url   slashes: null,
6 verbose parsed url   auth: null,
6 verbose parsed url   host: null,
6 verbose parsed url   port: null,
6 verbose parsed url   hostname: null,
6 verbose parsed url   hash: null,
6 verbose parsed url   search: null,
6 verbose parsed url   query: null,
6 verbose parsed url   pathname: 'connect',
6 verbose parsed url   path: 'connect',
6 verbose parsed url   href: 'connect' }
7 verbose cache add [ 'serve-static', null ]
8 verbose cache add name=undefined spec="serve-static" args=["serve-static",null]
9 verbose parsed url { protocol: null,
9 verbose parsed url   slashes: null,
9 verbose parsed url   auth: null,
9 verbose parsed url   host: null,
9 verbose parsed url   port: null,
9 verbose parsed url   hostname: null,
9 verbose parsed url   hash: null,
9 verbose parsed url   search: null,
9 verbose parsed url   query: null,
9 verbose parsed url   pathname: 'serve-static',
9 verbose parsed url   path: 'serve-static',
9 verbose parsed url   href: 'serve-static' }
10 silly lockFile f11a107f-connect connect
11 verbose lock connect /Users/anastasiazorko/.npm/f11a107f-connect.lock
12 silly lockFile fae0c2c0-serve-static serve-static
13 verbose lock serve-static /Users/anastasiazorko/.npm/fae0c2c0-serve-static.lock
14 silly lockFile f11a107f-connect connect
15 silly lockFile f11a107f-connect connect
16 silly lockFile fae0c2c0-serve-static serve-static
17 silly lockFile fae0c2c0-serve-static serve-static
18 verbose addNamed [ 'connect', '' ]
19 verbose addNamed [ null, '*' ]
20 silly lockFile 6c45e0f3-connect connect@
21 verbose lock connect@ /Users/anastasiazorko/.npm/6c45e0f3-connect.lock
22 verbose addNamed [ 'serve-static', '' ]
23 verbose addNamed [ null, '*' ]
24 silly lockFile 5f35dc5b-serve-static serve-static@
25 verbose lock serve-static@ /Users/anastasiazorko/.npm/5f35dc5b-serve-static.lock
26 silly addNameRange { name: 'connect', range: '*', hasData: false }
27 silly addNameRange { name: 'serve-static', range: '*', hasData: false }
28 verbose request where is /connect
29 verbose request registry https://registry.npmjs.org/
30 verbose request id c0cc68b2e61c5712
31 verbose url raw /connect
32 verbose url resolving [ 'https://registry.npmjs.org/', './connect' ]
33 verbose url resolved https://registry.npmjs.org/connect
34 verbose request where is https://registry.npmjs.org/connect
35 info trying registry request attempt 1 at 10:38:48
36 http GET https://registry.npmjs.org/connect
37 verbose request where is /serve-static
38 verbose request registry https://registry.npmjs.org/
39 verbose url raw /serve-static
40 verbose url resolving [ 'https://registry.npmjs.org/', './serve-static' ]
41 verbose url resolved https://registry.npmjs.org/serve-static
42 verbose request where is https://registry.npmjs.org/serve-static
43 info trying registry request attempt 1 at 10:38:48
44 verbose etag "4WUUU9IS0SCZSEIOKQK7S2PUX"
45 http GET https://registry.npmjs.org/serve-static
46 http 200 https://registry.npmjs.org/serve-static
47 silly registry.get cb [ 200,
47 silly registry.get   { server: 'CouchDB/1.5.0 (Erlang OTP/R16B03)',
47 silly registry.get     etag: '"C9NCZNGGY414JVEVQ5F1OB53Z"',
47 silly registry.get     'content-type': 'application/json',
47 silly registry.get     'cache-control': 'max-age=300',
47 silly registry.get     'content-length': '72747',
47 silly registry.get     'accept-ranges': 'bytes',
47 silly registry.get     date: 'Fri, 25 Mar 2016 17:37:54 GMT',
47 silly registry.get     via: '1.1 varnish',
47 silly registry.get     age: '159',
47 silly registry.get     connection: 'keep-alive',
47 silly registry.get     'x-served-by': 'cache-lax1432-LAX',
47 silly registry.get     'x-cache': 'HIT',
47 silly registry.get     'x-cache-hits': '4',
47 silly registry.get     'x-timer': 'S1458927474.460794,VS0,VE0',
47 silly registry.get     vary: 'Accept' } ]
48 silly addNameRange number 2 { name: 'serve-static', range: '*', hasData: true }
49 silly addNameRange versions [ 'serve-static',
49 silly addNameRange   [ '1.0.0',
49 silly addNameRange     '1.0.1',
49 silly addNameRange     '1.0.2',
49 silly addNameRange     '1.0.3',
49 silly addNameRange     '1.0.4',
49 silly addNameRange     '1.1.0',
49 silly addNameRange     '1.2.0',
49 silly addNameRange     '1.2.1',
49 silly addNameRange     '1.2.2',
49 silly addNameRange     '1.2.3',
49 silly addNameRange     '1.3.0',
49 silly addNameRange     '1.3.1',
49 silly addNameRange     '1.3.2',
49 silly addNameRange     '1.4.0',
49 silly addNameRange     '1.4.1',
49 silly addNameRange     '1.4.2',
49 silly addNameRange     '1.4.3',
49 silly addNameRange     '1.4.4',
49 silly addNameRange     '1.5.0',
49 silly addNameRange     '1.5.1',
49 silly addNameRange     '1.5.2',
49 silly addNameRange     '1.5.3',
49 silly addNameRange     '1.5.4',
49 silly addNameRange     '1.6.0',
49 silly addNameRange     '1.6.1',
49 silly addNameRange     '1.6.2',
49 silly addNameRange     '1.6.3',
49 silly addNameRange     '1.6.4',
49 silly addNameRange     '1.7.0',
49 silly addNameRange     '1.7.1',
49 silly addNameRange     '1.7.2',
49 silly addNameRange     '1.8.0',
49 silly addNameRange     '1.8.1',
49 silly addNameRange     '1.6.5',
49 silly addNameRange     '1.9.0',
49 silly addNameRange     '1.9.1',
49 silly addNameRange     '1.9.2',
49 silly addNameRange     '1.9.3',
49 silly addNameRange     '1.10.0',
49 silly addNameRange     '1.10.1',
49 silly addNameRange     '1.10.2' ] ]
50 verbose addNamed [ 'serve-static', '1.10.2' ]
51 verbose addNamed [ '1.10.2', '1.10.2' ]
52 silly lockFile 2ad3cf0f-serve-static-1-10-2 serve-static@1.10.2
53 verbose lock serve-static@1.10.2 /Users/anastasiazorko/.npm/2ad3cf0f-serve-static-1-10-2.lock
54 silly lockFile a30560a9-e-static-serve-static-1-10-2-tgz https://registry.npmjs.org/serve-static/-/serve-static-1.10.2.tgz
55 verbose lock https://registry.npmjs.org/serve-static/-/serve-static-1.10.2.tgz /Users/anastasiazorko/.npm/a30560a9-e-static-serve-static-1-10-2-tgz.lock
56 verbose addRemoteTarball [ 'https://registry.npmjs.org/serve-static/-/serve-static-1.10.2.tgz',
56 verbose addRemoteTarball   'feb800d0e722124dd0b00333160c16e9caa8bcb3' ]
57 info retry fetch attempt 1 at 10:38:48
58 verbose fetch to= /var/folders/27/_2jrdlls4qn2mrtstkhtq2nr0000gn/T/npm-4019-cQVhGIQb/registry.npmjs.org/serve-static/-/serve-static-1.10.2.tgz
59 http GET https://registry.npmjs.org/serve-static/-/serve-static-1.10.2.tgz
60 http 200 https://registry.npmjs.org/connect
61 silly registry.get cb [ 200,
61 silly registry.get   { server: 'CouchDB/1.5.0 (Erlang OTP/R16B03)',
61 silly registry.get     etag: '"DJS8F3FKFF21F9RSD5LUYLT1C"',
61 silly registry.get     'content-type': 'application/json',
61 silly registry.get     'cache-control': 'max-age=300',
61 silly registry.get     'content-length': '334218',
61 silly registry.get     'accept-ranges': 'bytes',
61 silly registry.get     date: 'Fri, 25 Mar 2016 17:37:54 GMT',
61 silly registry.get     via: '1.1 varnish',
61 silly registry.get     age: '23',
61 silly registry.get     connection: 'keep-alive',
61 silly registry.get     'x-served-by': 'cache-lax1422-LAX',
61 silly registry.get     'x-cache': 'HIT',
61 silly registry.get     'x-cache-hits': '3',
61 silly registry.get     'x-timer': 'S1458927474.466675,VS0,VE0',
61 silly registry.get     vary: 'Accept' } ]
62 silly addNameRange number 2 { name: 'connect', range: '*', hasData: true }
63 silly addNameRange versions [ 'connect',
63 silly addNameRange   [ '0.0.1',
63 silly addNameRange     '0.0.2',
63 silly addNameRange     '0.0.3',
63 silly addNameRange     '0.0.4',
63 silly addNameRange     '0.0.5',
63 silly addNameRange     '0.0.6',
63 silly addNameRange     '0.1.0',
63 silly addNameRange     '0.2.0',
63 silly addNameRange     '0.2.1',
63 silly addNameRange     '0.2.2',
63 silly addNameRange     '0.2.3',
63 silly addNameRange     '0.2.4',
63 silly addNameRange     '0.2.5',
63 silly addNameRange     '0.2.6',
63 silly addNameRange     '0.2.7',
63 silly addNameRange     '0.3.0',
63 silly addNameRange     '0.4.0',
63 silly addNameRange     '0.5.0',
63 silly addNameRange     '0.5.1',
63 silly addNameRange     '0.5.2',
63 silly addNameRange     '0.5.3',
63 silly addNameRange     '0.5.4',
63 silly addNameRange     '0.5.5',
63 silly addNameRange     '0.5.6',
63 silly addNameRange     '0.5.7',
63 silly addNameRange     '0.5.8',
63 silly addNameRange     '0.5.9',
63 silly addNameRange     '0.5.10',
63 silly addNameRange     '1.0.0',
63 silly addNameRange     '1.0.1',
63 silly addNameRange     '1.0.2',
63 silly addNameRange     '1.0.3',
63 silly addNameRange     '1.0.4',
63 silly addNameRange     '1.0.5',
63 silly addNameRange     '1.0.6',
63 silly addNameRange     '1.1.0',
63 silly addNameRange     '1.1.1',
63 silly addNameRange     '1.1.2',
63 silly addNameRange     '1.1.3',
63 silly addNameRange     '1.1.4',
63 silly addNameRange     '1.1.5',
63 silly addNameRange     '1.2.0',
63 silly addNameRange     '1.2.1',
63 silly addNameRange     '1.2.2',
63 silly addNameRange     '1.2.3',
63 silly addNameRange     '1.3.0',
63 silly addNameRange     '1.4.0',
63 silly addNameRange     '1.4.1',
63 silly addNameRange     '1.4.2',
63 silly addNameRange     '1.4.3',
63 silly addNameRange     '1.4.4',
63 silly addNameRange     '1.4.5',
63 silly addNameRange     '1.4.6',
63 silly addNameRange     '1.5.0',
63 silly addNameRange     '1.5.1',
63 silly addNameRange     '1.5.2',
63 silly addNameRange     '1.6.0',
63 silly addNameRange     '1.6.1',
63 silly addNameRange     '1.6.2',
63 silly addNameRange     '1.6.3',
63 silly addNameRange     '1.6.4',
63 silly addNameRange     '1.7.0',
63 silly addNameRange     '1.7.1',
63 silly addNameRange     '1.7.2',
63 silly addNameRange     '1.7.3',
63 silly addNameRange     '1.8.0',
63 silly addNameRange     '1.8.1',
63 silly addNameRange     '1.8.2',
63 silly addNameRange     '1.8.3',
63 silly addNameRange     '1.8.4',
63 silly addNameRange     '1.8.5',
63 silly addNameRange     '2.0.0',
63 silly addNameRange     '2.0.1',
63 silly addNameRange     '2.0.2',
63 silly addNameRange     '2.0.3',
63 silly addNameRange     '1.8.6',
63 silly addNameRange     '2.1.0',
63 silly addNameRange     '2.1.1',
63 silly addNameRange     '2.1.2',
63 silly addNameRange     '1.8.7',
63 silly addNameRange     '2.1.3',
63 silly addNameRange     '2.2.0',
63 silly addNameRange     '2.2.1',
63 silly addNameRange     '2.2.2',
63 silly addNameRange     '2.3.0',
63 silly addNameRange     '2.3.1',
63 silly addNameRange     '2.3.2',
63 silly addNameRange     '2.3.3',
63 silly addNameRange     '1.9.0',
63 silly addNameRange     '1.9.1',
63 silly addNameRange     '2.3.4',
63 silly addNameRange     '2.3.5',
63 silly addNameRange     '2.3.6',
63 silly addNameRange     '2.3.7',
63 silly addNameRange     '1.9.2',
63 silly addNameRange     '2.3.8',
63 silly addNameRange     '2.3.9',
63 silly addNameRange     '2.4.0',
63 silly addNameRange     '2.4.1',
63 silly addNameRange     '2.4.2',
63 silly addNameRange     '2.4.3',
63 silly addNameRange     '2.4.4',
63 silly addNameRange     '2.4.5',
63 silly addNameRange     '2.4.6',
63 silly addNameRange     '2.5.0',
63 silly addNameRange     '2.6.0',
63 silly addNameRange     '2.6.1',
63 silly addNameRange     '2.6.2',
63 silly addNameRange     '2.7.0',
63 silly addNameRange     '2.7.1',
63 silly addNameRange     '2.7.2',
63 silly addNameRange     '2.7.3',
63 silly addNameRange     '2.7.4',
63 silly addNameRange     '2.7.5',
63 silly addNameRange     '2.7.6',
63 silly addNameRange     '2.7.7',
63 silly addNameRange     '2.7.8',
63 silly addNameRange     '2.7.9',
63 silly addNameRange     '2.7.10',
63 silly addNameRange     '2.7.11',
63 silly addNameRange     '2.8.0',
63 silly addNameRange     '2.8.1',
63 silly addNameRange     '2.8.2',
63 silly addNameRange     '2.8.3',
63 silly addNameRange     '2.8.4',
63 silly addNameRange     '2.8.5',
63 silly addNameRange     '2.8.6',
63 silly addNameRange     '2.8.7',
63 silly addNameRange     '2.8.8',
63 silly addNameRange     '2.9.0',
63 silly addNameRange     '2.9.1',
63 silly addNameRange     '2.9.2',
63 silly addNameRange     '2.10.0',
63 silly addNameRange     '2.10.1',
63 silly addNameRange     '2.11.0',
63 silly addNameRange     '2.11.1',
63 silly addNameRange     '2.11.2',
63 silly addNameRange     '2.12.0',
63 silly addNameRange     '2.13.0',
63 silly addNameRange     '2.13.1',
63 silly addNameRange     '2.14.0',
63 silly addNameRange     '2.14.1',
63 silly addNameRange     '3.0.0-rc.1',
63 silly addNameRange     '2.14.2',
63 silly addNameRange     '2.14.3',
63 silly addNameRange     '2.14.4',
63 silly addNameRange     '2.14.5',
63 silly addNameRange     '2.15.0',
63 silly addNameRange     '3.0.0-rc.2',
63 silly addNameRange     '2.16.0',
63 silly addNameRange     '2.16.1',
63 silly addNameRange     '2.16.2',
63 silly addNameRange     '2.17.0',
63 silly addNameRange     '2.17.1',
63 silly addNameRange     '2.17.2',
63 silly addNameRange     '2.17.3',
63 silly addNameRange     '2.18.0',
63 silly addNameRange     '3.0.0',
63 silly addNameRange     '2.19.0',
63 silly addNameRange     '2.19.1',
63 silly addNameRange     '2.19.2',
63 silly addNameRange     '2.19.3',
63 silly addNameRange     '2.19.4',
63 silly addNameRange     '2.19.5',
63 silly addNameRange     '2.19.6',
63 silly addNameRange     '2.20.0',
63 silly addNameRange     '2.20.1',
63 silly addNameRange     '2.20.2',
63 silly addNameRange     '3.0.1',
63 silly addNameRange     '2.21.0',
63 silly addNameRange     '2.21.1',
63 silly addNameRange     '2.22.0',
63 silly addNameRange     '2.23.0',
63 silly addNameRange     '3.0.2',
63 silly addNameRange     '2.24.0',
63 silly addNameRange     '3.1.0',
63 silly addNameRange     '2.24.1',
63 silly addNameRange     '2.24.2',
63 silly addNameRange     '2.24.3',
63 silly addNameRange     '2.25.0',
63 silly addNameRange     '2.25.1',
63 silly addNameRange     '2.25.2',
63 silly addNameRange     '2.25.3',
63 silly addNameRange     '2.25.4',
63 silly addNameRange     '3.1.1',
63 silly addNameRange     '2.25.5',
63 silly addNameRange     '2.25.6',
63 silly addNameRange     '2.25.7',
63 silly addNameRange     '2.25.8',
63 silly addNameRange     '2.25.9',
63 silly addNameRange     '2.25.10',
63 silly addNameRange     '2.26.0',
63 silly addNameRange     '3.2.0',
63 silly addNameRange     '2.26.1',
63 silly addNameRange     '2.26.2',
63 silly addNameRange     '2.26.3',
63 silly addNameRange     '2.26.4',
63 silly addNameRange     '2.26.5',
63 silly addNameRange     '2.26.6',
63 silly addNameRange     '2.27.0',
63 silly addNameRange     '3.3.0',
63 silly addNameRange     '2.27.1',
63 silly addNameRange     '3.3.1',
63 silly addNameRange     '2.27.2',
63 silly addNameRange     '3.3.2',
63 silly addNameRange     '2.27.3',
63 silly addNameRange     '3.3.3',
63 silly addNameRange     '2.27.4',
63 silly addNameRange     '2.27.5',
63 silly addNameRange     '2.27.6',
63 silly addNameRange     '2.28.0',
63 silly addNameRange     '3.3.4',
63 silly addNameRange     '2.28.1',
63 silly addNameRange     '2.28.2',
63 silly addNameRange     '2.28.3',
63 silly addNameRange     '2.29.0',
63 silly addNameRange     '2.29.1',
63 silly addNameRange     '3.3.5',
63 silly addNameRange     '2.29.2',
63 silly addNameRange     '2.30.0',
63 silly addNameRange     '3.4.0',
63 silly addNameRange     '2.30.1',
63 silly addNameRange     '2.30.2',
63 silly addNameRange     '3.4.1' ] ]
64 verbose addNamed [ 'connect', '3.4.1' ]
65 verbose addNamed [ '3.4.1', '3.4.1' ]
66 silly lockFile defb4693-connect-3-4-1 connect@3.4.1
67 verbose lock connect@3.4.1 /Users/anastasiazorko/.npm/defb4693-connect-3-4-1.lock
68 silly lockFile d4b71c9a-js-org-connect-connect-3-4-1-tgz https://registry.npmjs.org/connect/-/connect-3.4.1.tgz
69 verbose lock https://registry.npmjs.org/connect/-/connect-3.4.1.tgz /Users/anastasiazorko/.npm/d4b71c9a-js-org-connect-connect-3-4-1-tgz.lock
70 verbose addRemoteTarball [ 'https://registry.npmjs.org/connect/-/connect-3.4.1.tgz',
70 verbose addRemoteTarball   'a21361d3f4099ef761cda6dc4a973bb1ebb0a34d' ]
71 info retry fetch attempt 1 at 10:38:49
72 verbose fetch to= /var/folders/27/_2jrdlls4qn2mrtstkhtq2nr0000gn/T/npm-4019-cQVhGIQb/registry.npmjs.org/connect/-/connect-3.4.1.tgz
73 http GET https://registry.npmjs.org/connect/-/connect-3.4.1.tgz
74 http 200 https://registry.npmjs.org/serve-static/-/serve-static-1.10.2.tgz
75 silly lockFile a30560a9-e-static-serve-static-1-10-2-tgz https://registry.npmjs.org/serve-static/-/serve-static-1.10.2.tgz
76 silly lockFile a30560a9-e-static-serve-static-1-10-2-tgz https://registry.npmjs.org/serve-static/-/serve-static-1.10.2.tgz
77 silly lockFile 2ad3cf0f-serve-static-1-10-2 serve-static@1.10.2
78 silly lockFile 2ad3cf0f-serve-static-1-10-2 serve-static@1.10.2
79 silly lockFile 5f35dc5b-serve-static serve-static@
80 silly lockFile 5f35dc5b-serve-static serve-static@
81 http 200 https://registry.npmjs.org/connect/-/connect-3.4.1.tgz
82 silly lockFile d4b71c9a-js-org-connect-connect-3-4-1-tgz https://registry.npmjs.org/connect/-/connect-3.4.1.tgz
83 silly lockFile d4b71c9a-js-org-connect-connect-3-4-1-tgz https://registry.npmjs.org/connect/-/connect-3.4.1.tgz
84 silly lockFile defb4693-connect-3-4-1 connect@3.4.1
85 silly lockFile defb4693-connect-3-4-1 connect@3.4.1
86 silly lockFile 6c45e0f3-connect connect@
87 silly lockFile 6c45e0f3-connect connect@
88 error Error: EACCES, mkdir '/Users/anastasiazorko/.npm/serve-static/1.10.2'
88 error  { [Error: EACCES, mkdir '/Users/anastasiazorko/.npm/serve-static/1.10.2']
88 error   errno: 3,
88 error   code: 'EACCES',
88 error   path: '/Users/anastasiazorko/.npm/serve-static/1.10.2' }
89 error Please try running this command again as root/Administrator.
90 error System Darwin 13.4.0
91 error command "node" "/usr/local/bin/npm" "install" "connect" "serve-static"
92 error cwd /Users/anastasiazorko/CalendarApp
93 error node -v v0.10.33
94 error npm -v 1.4.28
95 error path /Users/anastasiazorko/.npm/serve-static/1.10.2
96 error code EACCES
97 error errno 3
98 error stack Error: EACCES, mkdir '/Users/anastasiazorko/.npm/serve-static/1.10.2'
99 verbose exit [ 3, true ]
